<?xml version="1.0" encoding="UTF-8"?>
<testsuite name="com.epam.ld.module2.testing.MailServerTest" tests="3" skipped="0" failures="0" errors="0" timestamp="2021-05-29T02:13:50" hostname="EPMXGUAW0924" time="0.101">
  <properties/>
  <testcase name="test02(int)[1]" classname="com.epam.ld.module2.testing.MailServerTest" time="0.088"/>
  <testcase name="test02(int)[2]" classname="com.epam.ld.module2.testing.MailServerTest" time="0.002"/>
  <testcase name="test02(int)[3]" classname="com.epam.ld.module2.testing.MailServerTest" time="0.001"/>
  <system-out><![CDATA[]]></system-out>
  <system-err><![CDATA[]]></system-err>
</testsuite>
